
 WSP: 0 HZ
 WSPN: 0 HZ
 WSPX: 0 HZ
 WSPA: 0 HZ
 PRS: 0 HZ
 PRSN: 0 HZ
 PRSX: 0 HZ
 PRSA: 0 HZ
 CH8: 0 HZ
 CH8N: 0 HZ
 CH8X: 0 HZ
 CH8A: 0 HZ
 HUM: 0 HZ
 HUMN: 0 HZ
 HUMX: 0 HZ
 HUMA: 0 HZ
 TMP: 0 HZ
 TMPN: 0 HZ
 TMPX: 0 HZ
 TMPA: 0 HZ
 WDR: 0 HZ
 WDRN: 0 HZ
 WDRX: 0 HZ
 WDRA: 0 HZ
 CH7: 62492 HZ
 CH7N: 62492 HZ
 CH7X: 62492 HZ
 CH7A: 62492 HZ
 BAT: 0 HZ
 BATN: 0 HZ
 BATX: 0 HZ
 BATA: 0 HZ
 CH9: 0 HZ
 CH9N: 0 HZ
 CH9X: 0 HZ
 CH9A: 0 HZ
 CH10: 0 HZ
 CH10N: 0 HZ
 CH10X: 0 HZ
 CH10A: 0 HZ
 CH11: 0 HZ
 CH11N: 0 HZ
 CH11X: 0 HZ
 CH11A: 0 HZ
 CH12: 0 HZ
 CH12N: 0 HZ
 CH12X: 0 HZ
 CH12A: 0 HZ
 CH13: 0 HZ
 CH13N: 0 HZ
 CH13X: 0 HZ
 CH13A: 0 HZ
 CH14: 0 HZ
 CH14N: 0 HZ
 CH14X: 0 HZ
 CH14A: 0 HZ
 RAN_TOT: 0 HZ
 RAN_24: 0 HZ
 RAN_12: 0 HZ
 RAN_5M: 0 HZ