
 WSP:   0.00 m/s
 WSPN:   0.00 m/s
 WSPX:   0.00 m/s
 WSPA:   0.00 m/s
 PRS: 865.54 mbar
 PRSN: 865.49 mbar
 PRSX: 865.54 mbar
 PRSA: 865.51 mbar
 CH8:   0.00 un
 CH8N:   0.00 un
 CH8X:   0.00 un
 CH8A:   0.00 un
 HUM:   0.00 %
 HUMN:   0.00 %
 HUMX:   0.00 %
 HUMA:   0.00 %
 TMP: -31.00 C
 TMPN: -31.00 C
 TMPX: -31.00 C
 TMPA: -31.00 C
 WDR:   0.00 deg
 WDRN:   0.00 deg
 WDRX:   0.00 deg
 WDRA:   0.00 deg
 CH7: 62496.00 un
 CH7N: 62494.20 un
 CH7X: 62496.00 un
 CH7A: 62495.10 un
 BAT:   0.00 volt
 BATN:   0.00 volt
 BATX:   0.00 volt
 BATA:   0.00 volt
 CH9: 10604.14 un
 CH9N: 10596.53 un
 CH9X: 10604.14 un
 CH9A: 10600.34 un
 CH10:   0.00 un
 CH10N:   0.00 un
 CH10X:   0.00 un
 CH10A:   0.00 un
 CH11:   0.00 un
 CH11N:   0.00 un
 CH11X:   0.00 un
 CH11A:   0.00 un
 CH12:   0.00 un
 CH12N:   0.00 un
 CH12X:   0.00 un
 CH12A:   0.00 un
 CH13:   0.00 un
 CH13N:   0.00 un
 CH13X:   0.00 un
 CH13A:   0.00 un
 CH14:   0.00 un
 CH14N:   0.00 un
 CH14X:   0.00 un
 CH14A:   0.00 un
 RAN_TOT: 311.30 mm
 RAN_24:   0.00 mm
 RAN_12:   0.00 mm
 RAN_5M:   0.00 mm